Determining if the __GLIBC__ exist failed with the following output:
Change Dir: /home/dante/Documentos/personal/Whisk3D/android/app/.cxx/Debug/6l6zoi28/x86_64/CMakeFiles/CMakeTmp

Run Build Command(s):/usr/bin/ninja cmTC_e8591 && [1/2] Building C object CMakeFiles/cmTC_e8591.dir/CheckSymbolExists.c.o
FAILED: CMakeFiles/cmTC_e8591.dir/CheckSymbolExists.c.o 
/home/dante/Android/Sdk/ndk/27.0.12077973/toolchains/llvm/prebuilt/linux-x86_64/bin/clang --target=x86_64-none-linux-android21 --sysroot=/home/dante/Android/Sdk/ndk/27.0.12077973/toolchains/llvm/prebuilt/linux-x86_64/sysroot   -g -DANDROID -fdata-sections -ffunction-sections -funwind-tables -fstack-protector-strong -no-canonical-prefixes -D_FORTIFY_SOURCE=2 -Wformat   -fPIE -MD -MT CMakeFiles/cmTC_e8591.dir/CheckSymbolExists.c.o -MF CMakeFiles/cmTC_e8591.dir/CheckSymbolExists.c.o.d -o CMakeFiles/cmTC_e8591.dir/CheckSymbolExists.c.o -c /home/dante/Documentos/personal/Whisk3D/android/app/.cxx/Debug/6l6zoi28/x86_64/CMakeFiles/CMakeTmp/CheckSymbolExists.c
/home/dante/Documentos/personal/Whisk3D/android/app/.cxx/Debug/6l6zoi28/x86_64/CMakeFiles/CMakeTmp/CheckSymbolExists.c:8:19: error: use of undeclared identifier '__GLIBC__'
    8 |   return ((int*)(&__GLIBC__))[argc];
      |                   ^
1 error generated.
ninja: build stopped: subcommand failed.


File /home/dante/Documentos/personal/Whisk3D/android/app/.cxx/Debug/6l6zoi28/x86_64/CMakeFiles/CMakeTmp/CheckSymbolExists.c:
/* */
#include <stdlib.h>

int main(int argc, char** argv)
{
  (void)argv;
#ifndef __GLIBC__
  return ((int*)(&__GLIBC__))[argc];
#else
  (void)argc;
  return 0;
#endif
}
Performing C SOURCE FILE Test CHECK_CPU_ARCHITECTURE_X86 failed with the following output:
Change Dir: /home/dante/Documentos/personal/Whisk3D/android/app/.cxx/Debug/6l6zoi28/x86_64/CMakeFiles/CMakeTmp

Run Build Command(s):/usr/bin/ninja cmTC_f3498 && [1/2] Building C object CMakeFiles/cmTC_f3498.dir/src.c.o
FAILED: CMakeFiles/cmTC_f3498.dir/src.c.o 
/home/dante/Android/Sdk/ndk/27.0.12077973/toolchains/llvm/prebuilt/linux-x86_64/bin/clang --target=x86_64-none-linux-android21 --sysroot=/home/dante/Android/Sdk/ndk/27.0.12077973/toolchains/llvm/prebuilt/linux-x86_64/sysroot -DCHECK_CPU_ARCHITECTURE_X86  -g -DANDROID -fdata-sections -ffunction-sections -funwind-tables -fstack-protector-strong -no-canonical-prefixes -D_FORTIFY_SOURCE=2 -Wformat -Werror=format-security   -fPIE -MD -MT CMakeFiles/cmTC_f3498.dir/src.c.o -MF CMakeFiles/cmTC_f3498.dir/src.c.o.d -o CMakeFiles/cmTC_f3498.dir/src.c.o -c /home/dante/Documentos/personal/Whisk3D/android/app/.cxx/Debug/6l6zoi28/x86_64/CMakeFiles/CMakeTmp/src.c
/home/dante/Documentos/personal/Whisk3D/android/app/.cxx/Debug/6l6zoi28/x86_64/CMakeFiles/CMakeTmp/src.c:6:3: error: use of undeclared identifier 'choke'
    6 |   choke
      |   ^
1 error generated.
ninja: build stopped: subcommand failed.


Source file was:

int main(int argc, char *argv[]) {
#if defined(__i386__) || defined(__i486__) || defined(__i586__) || defined(__i686__) ||defined( __i386) || defined(_M_IX86)
  return 0;
#else
  choke
#endif
}

Performing C SOURCE FILE Test CHECK_CPU_ARCHITECTURE_ARM32 failed with the following output:
Change Dir: /home/dante/Documentos/personal/Whisk3D/android/app/.cxx/Debug/6l6zoi28/x86_64/CMakeFiles/CMakeTmp

Run Build Command(s):/usr/bin/ninja cmTC_9ae0c && [1/2] Building C object CMakeFiles/cmTC_9ae0c.dir/src.c.o
FAILED: CMakeFiles/cmTC_9ae0c.dir/src.c.o 
/home/dante/Android/Sdk/ndk/27.0.12077973/toolchains/llvm/prebuilt/linux-x86_64/bin/clang --target=x86_64-none-linux-android21 --sysroot=/home/dante/Android/Sdk/ndk/27.0.12077973/toolchains/llvm/prebuilt/linux-x86_64/sysroot -DCHECK_CPU_ARCHITECTURE_ARM32  -g -DANDROID -fdata-sections -ffunction-sections -funwind-tables -fstack-protector-strong -no-canonical-prefixes -D_FORTIFY_SOURCE=2 -Wformat -Werror=format-security   -fPIE -MD -MT CMakeFiles/cmTC_9ae0c.dir/src.c.o -MF CMakeFiles/cmTC_9ae0c.dir/src.c.o.d -o CMakeFiles/cmTC_9ae0c.dir/src.c.o -c /home/dante/Documentos/personal/Whisk3D/android/app/.cxx/Debug/6l6zoi28/x86_64/CMakeFiles/CMakeTmp/src.c
/home/dante/Documentos/personal/Whisk3D/android/app/.cxx/Debug/6l6zoi28/x86_64/CMakeFiles/CMakeTmp/src.c:6:3: error: use of undeclared identifier 'choke'
    6 |   choke
      |   ^
1 error generated.
ninja: build stopped: subcommand failed.


Source file was:

int main(int argc, char *argv[]) {
#if defined(__arm__) || defined(_M_ARM)
  return 0;
#else
  choke
#endif
}

Performing C SOURCE FILE Test CHECK_CPU_ARCHITECTURE_ARM64 failed with the following output:
Change Dir: /home/dante/Documentos/personal/Whisk3D/android/app/.cxx/Debug/6l6zoi28/x86_64/CMakeFiles/CMakeTmp

Run Build Command(s):/usr/bin/ninja cmTC_c4240 && [1/2] Building C object CMakeFiles/cmTC_c4240.dir/src.c.o
FAILED: CMakeFiles/cmTC_c4240.dir/src.c.o 
/home/dante/Android/Sdk/ndk/27.0.12077973/toolchains/llvm/prebuilt/linux-x86_64/bin/clang --target=x86_64-none-linux-android21 --sysroot=/home/dante/Android/Sdk/ndk/27.0.12077973/toolchains/llvm/prebuilt/linux-x86_64/sysroot -DCHECK_CPU_ARCHITECTURE_ARM64  -g -DANDROID -fdata-sections -ffunction-sections -funwind-tables -fstack-protector-strong -no-canonical-prefixes -D_FORTIFY_SOURCE=2 -Wformat -Werror=format-security   -fPIE -MD -MT CMakeFiles/cmTC_c4240.dir/src.c.o -MF CMakeFiles/cmTC_c4240.dir/src.c.o.d -o CMakeFiles/cmTC_c4240.dir/src.c.o -c /home/dante/Documentos/personal/Whisk3D/android/app/.cxx/Debug/6l6zoi28/x86_64/CMakeFiles/CMakeTmp/src.c
/home/dante/Documentos/personal/Whisk3D/android/app/.cxx/Debug/6l6zoi28/x86_64/CMakeFiles/CMakeTmp/src.c:6:3: error: use of undeclared identifier 'choke'
    6 |   choke
      |   ^
1 error generated.
ninja: build stopped: subcommand failed.


Source file was:

int main(int argc, char *argv[]) {
#if defined(__aarch64__) || defined(_M_ARM64)
  return 0;
#else
  choke
#endif
}

Performing C SOURCE FILE Test CHECK_CPU_ARCHITECTURE_LOONGARCH64 failed with the following output:
Change Dir: /home/dante/Documentos/personal/Whisk3D/android/app/.cxx/Debug/6l6zoi28/x86_64/CMakeFiles/CMakeTmp

Run Build Command(s):/usr/bin/ninja cmTC_b483f && [1/2] Building C object CMakeFiles/cmTC_b483f.dir/src.c.o
FAILED: CMakeFiles/cmTC_b483f.dir/src.c.o 
/home/dante/Android/Sdk/ndk/27.0.12077973/toolchains/llvm/prebuilt/linux-x86_64/bin/clang --target=x86_64-none-linux-android21 --sysroot=/home/dante/Android/Sdk/ndk/27.0.12077973/toolchains/llvm/prebuilt/linux-x86_64/sysroot -DCHECK_CPU_ARCHITECTURE_LOONGARCH64  -g -DANDROID -fdata-sections -ffunction-sections -funwind-tables -fstack-protector-strong -no-canonical-prefixes -D_FORTIFY_SOURCE=2 -Wformat -Werror=format-security   -fPIE -MD -MT CMakeFiles/cmTC_b483f.dir/src.c.o -MF CMakeFiles/cmTC_b483f.dir/src.c.o.d -o CMakeFiles/cmTC_b483f.dir/src.c.o -c /home/dante/Documentos/personal/Whisk3D/android/app/.cxx/Debug/6l6zoi28/x86_64/CMakeFiles/CMakeTmp/src.c
/home/dante/Documentos/personal/Whisk3D/android/app/.cxx/Debug/6l6zoi28/x86_64/CMakeFiles/CMakeTmp/src.c:6:3: error: use of undeclared identifier 'choke'
    6 |   choke
      |   ^
1 error generated.
ninja: build stopped: subcommand failed.


Source file was:

int main(int argc, char *argv[]) {
#if defined(__loongarch64)
  return 0;
#else
  choke
#endif
}

Performing C SOURCE FILE Test HAVE_ALTIVEC_H_HDR failed with the following output:
Change Dir: /home/dante/Documentos/personal/Whisk3D/android/app/.cxx/Debug/6l6zoi28/x86_64/CMakeFiles/CMakeTmp

Run Build Command(s):/usr/bin/ninja cmTC_dabf0 && [1/2] Building C object CMakeFiles/cmTC_dabf0.dir/src.c.o
FAILED: CMakeFiles/cmTC_dabf0.dir/src.c.o 
/home/dante/Android/Sdk/ndk/27.0.12077973/toolchains/llvm/prebuilt/linux-x86_64/bin/clang --target=x86_64-none-linux-android21 --sysroot=/home/dante/Android/Sdk/ndk/27.0.12077973/toolchains/llvm/prebuilt/linux-x86_64/sysroot -DHAVE_ALTIVEC_H_HDR  -g -DANDROID -fdata-sections -ffunction-sections -funwind-tables -fstack-protector-strong -no-canonical-prefixes -D_FORTIFY_SOURCE=2 -Wformat -Werror=format-security  -idirafter "/home/dante/Documentos/personal/Whisk3D/android/app/.cxx/Debug/6l6zoi28/x86_64/external/SDL2/src/video/khronos" -maltivec -fPIE -MD -MT CMakeFiles/cmTC_dabf0.dir/src.c.o -MF CMakeFiles/cmTC_dabf0.dir/src.c.o.d -o CMakeFiles/cmTC_dabf0.dir/src.c.o -c /home/dante/Documentos/personal/Whisk3D/android/app/.cxx/Debug/6l6zoi28/x86_64/CMakeFiles/CMakeTmp/src.c
clang: error: unsupported option '-maltivec' for target 'x86_64-none-linux-android21'
ninja: build stopped: subcommand failed.


Source file was:

          #include <altivec.h>
          vector unsigned int vzero() {
              return vec_splat_u32(0);
          }
          int main(int argc, char **argv) { return 0; }
Performing C SOURCE FILE Test CPU_SUPPORTS_ALTIVEC failed with the following output:
Change Dir: /home/dante/Documentos/personal/Whisk3D/android/app/.cxx/Debug/6l6zoi28/x86_64/CMakeFiles/CMakeTmp

Run Build Command(s):/usr/bin/ninja cmTC_4f50d && [1/2] Building C object CMakeFiles/cmTC_4f50d.dir/src.c.o
FAILED: CMakeFiles/cmTC_4f50d.dir/src.c.o 
/home/dante/Android/Sdk/ndk/27.0.12077973/toolchains/llvm/prebuilt/linux-x86_64/bin/clang --target=x86_64-none-linux-android21 --sysroot=/home/dante/Android/Sdk/ndk/27.0.12077973/toolchains/llvm/prebuilt/linux-x86_64/sysroot -DCPU_SUPPORTS_ALTIVEC  -g -DANDROID -fdata-sections -ffunction-sections -funwind-tables -fstack-protector-strong -no-canonical-prefixes -D_FORTIFY_SOURCE=2 -Wformat -Werror=format-security  -idirafter "/home/dante/Documentos/personal/Whisk3D/android/app/.cxx/Debug/6l6zoi28/x86_64/external/SDL2/src/video/khronos" -maltivec -fPIE -MD -MT CMakeFiles/cmTC_4f50d.dir/src.c.o -MF CMakeFiles/cmTC_4f50d.dir/src.c.o.d -o CMakeFiles/cmTC_4f50d.dir/src.c.o -c /home/dante/Documentos/personal/Whisk3D/android/app/.cxx/Debug/6l6zoi28/x86_64/CMakeFiles/CMakeTmp/src.c
clang: error: unsupported option '-maltivec' for target 'x86_64-none-linux-android21'
ninja: build stopped: subcommand failed.


Source file was:

          vector unsigned int vzero() {
              return vec_splat_u32(0);
          }
          int main(int argc, char **argv) { return 0; }
Determining if the _strrev exist failed with the following output:
Change Dir: /home/dante/Documentos/personal/Whisk3D/android/app/.cxx/Debug/6l6zoi28/x86_64/CMakeFiles/CMakeTmp

Run Build Command(s):/usr/bin/ninja cmTC_2a16d && [1/2] Building C object CMakeFiles/cmTC_2a16d.dir/CheckSymbolExists.c.o
FAILED: CMakeFiles/cmTC_2a16d.dir/CheckSymbolExists.c.o 
/home/dante/Android/Sdk/ndk/27.0.12077973/toolchains/llvm/prebuilt/linux-x86_64/bin/clang --target=x86_64-none-linux-android21 --sysroot=/home/dante/Android/Sdk/ndk/27.0.12077973/toolchains/llvm/prebuilt/linux-x86_64/sysroot   -g -DANDROID -fdata-sections -ffunction-sections -funwind-tables -fstack-protector-strong -no-canonical-prefixes -D_FORTIFY_SOURCE=2 -Wformat  -idirafter "/home/dante/Documentos/personal/Whisk3D/android/app/.cxx/Debug/6l6zoi28/x86_64/external/SDL2/src/video/khronos"  -D_GNU_SOURCE=1 -fPIE -MD -MT CMakeFiles/cmTC_2a16d.dir/CheckSymbolExists.c.o -MF CMakeFiles/cmTC_2a16d.dir/CheckSymbolExists.c.o.d -o CMakeFiles/cmTC_2a16d.dir/CheckSymbolExists.c.o -c /home/dante/Documentos/personal/Whisk3D/android/app/.cxx/Debug/6l6zoi28/x86_64/CMakeFiles/CMakeTmp/CheckSymbolExists.c
/home/dante/Documentos/personal/Whisk3D/android/app/.cxx/Debug/6l6zoi28/x86_64/CMakeFiles/CMakeTmp/CheckSymbolExists.c:14:19: error: use of undeclared identifier '_strrev'; did you mean 'strsep'?
   14 |   return ((int*)(&_strrev))[argc];
      |                   ^~~~~~~
      |                   strsep
/home/dante/Android/Sdk/ndk/27.0.12077973/toolchains/llvm/prebuilt/linux-x86_64/sysroot/usr/include/string.h:182:17: note: 'strsep' declared here
  182 | char* _Nullable strsep(char* _Nullable * _Nonnull __s_ptr, const char* _Nonnull __delimiter);
      |                 ^
1 error generated.
ninja: build stopped: subcommand failed.


File /home/dante/Documentos/personal/Whisk3D/android/app/.cxx/Debug/6l6zoi28/x86_64/CMakeFiles/CMakeTmp/CheckSymbolExists.c:
/* */
#include <stddef.h>
#include <stdarg.h>
#include <stdlib.h>
#include <string.h>
#include <stdio.h>
#include <wchar.h>
#include <float.h>

int main(int argc, char** argv)
{
  (void)argv;
#ifndef _strrev
  return ((int*)(&_strrev))[argc];
#else
  (void)argc;
  return 0;
#endif
}
Determining if the _strupr exist failed with the following output:
Change Dir: /home/dante/Documentos/personal/Whisk3D/android/app/.cxx/Debug/6l6zoi28/x86_64/CMakeFiles/CMakeTmp

Run Build Command(s):/usr/bin/ninja cmTC_b3e45 && [1/2] Building C object CMakeFiles/cmTC_b3e45.dir/CheckSymbolExists.c.o
FAILED: CMakeFiles/cmTC_b3e45.dir/CheckSymbolExists.c.o 
/home/dante/Android/Sdk/ndk/27.0.12077973/toolchains/llvm/prebuilt/linux-x86_64/bin/clang --target=x86_64-none-linux-android21 --sysroot=/home/dante/Android/Sdk/ndk/27.0.12077973/toolchains/llvm/prebuilt/linux-x86_64/sysroot   -g -DANDROID -fdata-sections -ffunction-sections -funwind-tables -fstack-protector-strong -no-canonical-prefixes -D_FORTIFY_SOURCE=2 -Wformat  -idirafter "/home/dante/Documentos/personal/Whisk3D/android/app/.cxx/Debug/6l6zoi28/x86_64/external/SDL2/src/video/khronos"  -D_GNU_SOURCE=1 -fPIE -MD -MT CMakeFiles/cmTC_b3e45.dir/CheckSymbolExists.c.o -MF CMakeFiles/cmTC_b3e45.dir/CheckSymbolExists.c.o.d -o CMakeFiles/cmTC_b3e45.dir/CheckSymbolExists.c.o -c /home/dante/Documentos/personal/Whisk3D/android/app/.cxx/Debug/6l6zoi28/x86_64/CMakeFiles/CMakeTmp/CheckSymbolExists.c
/home/dante/Documentos/personal/Whisk3D/android/app/.cxx/Debug/6l6zoi28/x86_64/CMakeFiles/CMakeTmp/CheckSymbolExists.c:14:19: error: use of undeclared identifier '_strupr'
   14 |   return ((int*)(&_strupr))[argc];
      |                   ^
1 error generated.
ninja: build stopped: subcommand failed.


File /home/dante/Documentos/personal/Whisk3D/android/app/.cxx/Debug/6l6zoi28/x86_64/CMakeFiles/CMakeTmp/CheckSymbolExists.c:
/* */
#include <stddef.h>
#include <stdarg.h>
#include <stdlib.h>
#include <string.h>
#include <stdio.h>
#include <wchar.h>
#include <float.h>

int main(int argc, char** argv)
{
  (void)argv;
#ifndef _strupr
  return ((int*)(&_strupr))[argc];
#else
  (void)argc;
  return 0;
#endif
}
Determining if the _strlwr exist failed with the following output:
Change Dir: /home/dante/Documentos/personal/Whisk3D/android/app/.cxx/Debug/6l6zoi28/x86_64/CMakeFiles/CMakeTmp

Run Build Command(s):/usr/bin/ninja cmTC_8d378 && [1/2] Building C object CMakeFiles/cmTC_8d378.dir/CheckSymbolExists.c.o
FAILED: CMakeFiles/cmTC_8d378.dir/CheckSymbolExists.c.o 
/home/dante/Android/Sdk/ndk/27.0.12077973/toolchains/llvm/prebuilt/linux-x86_64/bin/clang --target=x86_64-none-linux-android21 --sysroot=/home/dante/Android/Sdk/ndk/27.0.12077973/toolchains/llvm/prebuilt/linux-x86_64/sysroot   -g -DANDROID -fdata-sections -ffunction-sections -funwind-tables -fstack-protector-strong -no-canonical-prefixes -D_FORTIFY_SOURCE=2 -Wformat  -idirafter "/home/dante/Documentos/personal/Whisk3D/android/app/.cxx/Debug/6l6zoi28/x86_64/external/SDL2/src/video/khronos"  -D_GNU_SOURCE=1 -fPIE -MD -MT CMakeFiles/cmTC_8d378.dir/CheckSymbolExists.c.o -MF CMakeFiles/cmTC_8d378.dir/CheckSymbolExists.c.o.d -o CMakeFiles/cmTC_8d378.dir/CheckSymbolExists.c.o -c /home/dante/Documentos/personal/Whisk3D/android/app/.cxx/Debug/6l6zoi28/x86_64/CMakeFiles/CMakeTmp/CheckSymbolExists.c
/home/dante/Documentos/personal/Whisk3D/android/app/.cxx/Debug/6l6zoi28/x86_64/CMakeFiles/CMakeTmp/CheckSymbolExists.c:14:19: error: use of undeclared identifier '_strlwr'; did you mean 'strstr'?
   14 |   return ((int*)(&_strlwr))[argc];
      |                   ^~~~~~~
      |                   strstr
/home/dante/Android/Sdk/ndk/27.0.12077973/toolchains/llvm/prebuilt/linux-x86_64/sysroot/usr/include/string.h:117:17: note: 'strstr' declared here
  117 | char* _Nullable strstr(const char* _Nonnull __haystack, const char* _Nonnull __needle) __attribute_pure__;
      |                 ^
1 error generated.
ninja: build stopped: subcommand failed.


File /home/dante/Documentos/personal/Whisk3D/android/app/.cxx/Debug/6l6zoi28/x86_64/CMakeFiles/CMakeTmp/CheckSymbolExists.c:
/* */
#include <stddef.h>
#include <stdarg.h>
#include <stdlib.h>
#include <string.h>
#include <stdio.h>
#include <wchar.h>
#include <float.h>

int main(int argc, char** argv)
{
  (void)argv;
#ifndef _strlwr
  return ((int*)(&_strlwr))[argc];
#else
  (void)argc;
  return 0;
#endif
}
Determining if the index exist failed with the following output:
Change Dir: /home/dante/Documentos/personal/Whisk3D/android/app/.cxx/Debug/6l6zoi28/x86_64/CMakeFiles/CMakeTmp

Run Build Command(s):/usr/bin/ninja cmTC_2c47f && [1/2] Building C object CMakeFiles/cmTC_2c47f.dir/CheckSymbolExists.c.o
FAILED: CMakeFiles/cmTC_2c47f.dir/CheckSymbolExists.c.o 
/home/dante/Android/Sdk/ndk/27.0.12077973/toolchains/llvm/prebuilt/linux-x86_64/bin/clang --target=x86_64-none-linux-android21 --sysroot=/home/dante/Android/Sdk/ndk/27.0.12077973/toolchains/llvm/prebuilt/linux-x86_64/sysroot   -g -DANDROID -fdata-sections -ffunction-sections -funwind-tables -fstack-protector-strong -no-canonical-prefixes -D_FORTIFY_SOURCE=2 -Wformat  -idirafter "/home/dante/Documentos/personal/Whisk3D/android/app/.cxx/Debug/6l6zoi28/x86_64/external/SDL2/src/video/khronos"  -D_GNU_SOURCE=1 -fPIE -MD -MT CMakeFiles/cmTC_2c47f.dir/CheckSymbolExists.c.o -MF CMakeFiles/cmTC_2c47f.dir/CheckSymbolExists.c.o.d -o CMakeFiles/cmTC_2c47f.dir/CheckSymbolExists.c.o -c /home/dante/Documentos/personal/Whisk3D/android/app/.cxx/Debug/6l6zoi28/x86_64/CMakeFiles/CMakeTmp/CheckSymbolExists.c
/home/dante/Documentos/personal/Whisk3D/android/app/.cxx/Debug/6l6zoi28/x86_64/CMakeFiles/CMakeTmp/CheckSymbolExists.c:14:19: error: call to undeclared library function 'index' with type 'char *(const char *, int)'; ISO C99 and later do not support implicit function declarations [-Wimplicit-function-declaration]
   14 |   return ((int*)(&index))[argc];
      |                   ^
/home/dante/Documentos/personal/Whisk3D/android/app/.cxx/Debug/6l6zoi28/x86_64/CMakeFiles/CMakeTmp/CheckSymbolExists.c:14:19: note: include the header <strings.h> or explicitly provide a declaration for 'index'
1 error generated.
ninja: build stopped: subcommand failed.


File /home/dante/Documentos/personal/Whisk3D/android/app/.cxx/Debug/6l6zoi28/x86_64/CMakeFiles/CMakeTmp/CheckSymbolExists.c:
/* */
#include <stddef.h>
#include <stdarg.h>
#include <stdlib.h>
#include <string.h>
#include <stdio.h>
#include <wchar.h>
#include <float.h>

int main(int argc, char** argv)
{
  (void)argv;
#ifndef index
  return ((int*)(&index))[argc];
#else
  (void)argc;
  return 0;
#endif
}
Determining if the rindex exist failed with the following output:
Change Dir: /home/dante/Documentos/personal/Whisk3D/android/app/.cxx/Debug/6l6zoi28/x86_64/CMakeFiles/CMakeTmp

Run Build Command(s):/usr/bin/ninja cmTC_910a0 && [1/2] Building C object CMakeFiles/cmTC_910a0.dir/CheckSymbolExists.c.o
FAILED: CMakeFiles/cmTC_910a0.dir/CheckSymbolExists.c.o 
/home/dante/Android/Sdk/ndk/27.0.12077973/toolchains/llvm/prebuilt/linux-x86_64/bin/clang --target=x86_64-none-linux-android21 --sysroot=/home/dante/Android/Sdk/ndk/27.0.12077973/toolchains/llvm/prebuilt/linux-x86_64/sysroot   -g -DANDROID -fdata-sections -ffunction-sections -funwind-tables -fstack-protector-strong -no-canonical-prefixes -D_FORTIFY_SOURCE=2 -Wformat  -idirafter "/home/dante/Documentos/personal/Whisk3D/android/app/.cxx/Debug/6l6zoi28/x86_64/external/SDL2/src/video/khronos"  -D_GNU_SOURCE=1 -fPIE -MD -MT CMakeFiles/cmTC_910a0.dir/CheckSymbolExists.c.o -MF CMakeFiles/cmTC_910a0.dir/CheckSymbolExists.c.o.d -o CMakeFiles/cmTC_910a0.dir/CheckSymbolExists.c.o -c /home/dante/Documentos/personal/Whisk3D/android/app/.cxx/Debug/6l6zoi28/x86_64/CMakeFiles/CMakeTmp/CheckSymbolExists.c
/home/dante/Documentos/personal/Whisk3D/android/app/.cxx/Debug/6l6zoi28/x86_64/CMakeFiles/CMakeTmp/CheckSymbolExists.c:14:19: error: call to undeclared library function 'rindex' with type 'char *(const char *, int)'; ISO C99 and later do not support implicit function declarations [-Wimplicit-function-declaration]
   14 |   return ((int*)(&rindex))[argc];
      |                   ^
/home/dante/Documentos/personal/Whisk3D/android/app/.cxx/Debug/6l6zoi28/x86_64/CMakeFiles/CMakeTmp/CheckSymbolExists.c:14:19: note: include the header <strings.h> or explicitly provide a declaration for 'rindex'
1 error generated.
ninja: build stopped: subcommand failed.


File /home/dante/Documentos/personal/Whisk3D/android/app/.cxx/Debug/6l6zoi28/x86_64/CMakeFiles/CMakeTmp/CheckSymbolExists.c:
/* */
#include <stddef.h>
#include <stdarg.h>
#include <stdlib.h>
#include <string.h>
#include <stdio.h>
#include <wchar.h>
#include <float.h>

int main(int argc, char** argv)
{
  (void)argv;
#ifndef rindex
  return ((int*)(&rindex))[argc];
#else
  (void)argc;
  return 0;
#endif
}
Determining if the itoa exist failed with the following output:
Change Dir: /home/dante/Documentos/personal/Whisk3D/android/app/.cxx/Debug/6l6zoi28/x86_64/CMakeFiles/CMakeTmp

Run Build Command(s):/usr/bin/ninja cmTC_bd839 && [1/2] Building C object CMakeFiles/cmTC_bd839.dir/CheckSymbolExists.c.o
FAILED: CMakeFiles/cmTC_bd839.dir/CheckSymbolExists.c.o 
/home/dante/Android/Sdk/ndk/27.0.12077973/toolchains/llvm/prebuilt/linux-x86_64/bin/clang --target=x86_64-none-linux-android21 --sysroot=/home/dante/Android/Sdk/ndk/27.0.12077973/toolchains/llvm/prebuilt/linux-x86_64/sysroot   -g -DANDROID -fdata-sections -ffunction-sections -funwind-tables -fstack-protector-strong -no-canonical-prefixes -D_FORTIFY_SOURCE=2 -Wformat  -idirafter "/home/dante/Documentos/personal/Whisk3D/android/app/.cxx/Debug/6l6zoi28/x86_64/external/SDL2/src/video/khronos"  -D_GNU_SOURCE=1 -fPIE -MD -MT CMakeFiles/cmTC_bd839.dir/CheckSymbolExists.c.o -MF CMakeFiles/cmTC_bd839.dir/CheckSymbolExists.c.o.d -o CMakeFiles/cmTC_bd839.dir/CheckSymbolExists.c.o -c /home/dante/Documentos/personal/Whisk3D/android/app/.cxx/Debug/6l6zoi28/x86_64/CMakeFiles/CMakeTmp/CheckSymbolExists.c
/home/dante/Documentos/personal/Whisk3D/android/app/.cxx/Debug/6l6zoi28/x86_64/CMakeFiles/CMakeTmp/CheckSymbolExists.c:14:19: error: use of undeclared identifier 'itoa'
   14 |   return ((int*)(&itoa))[argc];
      |                   ^
1 error generated.
ninja: build stopped: subcommand failed.


File /home/dante/Documentos/personal/Whisk3D/android/app/.cxx/Debug/6l6zoi28/x86_64/CMakeFiles/CMakeTmp/CheckSymbolExists.c:
/* */
#include <stddef.h>
#include <stdarg.h>
#include <stdlib.h>
#include <string.h>
#include <stdio.h>
#include <wchar.h>
#include <float.h>

int main(int argc, char** argv)
{
  (void)argv;
#ifndef itoa
  return ((int*)(&itoa))[argc];
#else
  (void)argc;
  return 0;
#endif
}
Determining if the _ltoa exist failed with the following output:
Change Dir: /home/dante/Documentos/personal/Whisk3D/android/app/.cxx/Debug/6l6zoi28/x86_64/CMakeFiles/CMakeTmp

Run Build Command(s):/usr/bin/ninja cmTC_5b3b0 && [1/2] Building C object CMakeFiles/cmTC_5b3b0.dir/CheckSymbolExists.c.o
FAILED: CMakeFiles/cmTC_5b3b0.dir/CheckSymbolExists.c.o 
/home/dante/Android/Sdk/ndk/27.0.12077973/toolchains/llvm/prebuilt/linux-x86_64/bin/clang --target=x86_64-none-linux-android21 --sysroot=/home/dante/Android/Sdk/ndk/27.0.12077973/toolchains/llvm/prebuilt/linux-x86_64/sysroot   -g -DANDROID -fdata-sections -ffunction-sections -funwind-tables -fstack-protector-strong -no-canonical-prefixes -D_FORTIFY_SOURCE=2 -Wformat  -idirafter "/home/dante/Documentos/personal/Whisk3D/android/app/.cxx/Debug/6l6zoi28/x86_64/external/SDL2/src/video/khronos"  -D_GNU_SOURCE=1 -fPIE -MD -MT CMakeFiles/cmTC_5b3b0.dir/CheckSymbolExists.c.o -MF CMakeFiles/cmTC_5b3b0.dir/CheckSymbolExists.c.o.d -o CMakeFiles/cmTC_5b3b0.dir/CheckSymbolExists.c.o -c /home/dante/Documentos/personal/Whisk3D/android/app/.cxx/Debug/6l6zoi28/x86_64/CMakeFiles/CMakeTmp/CheckSymbolExists.c
/home/dante/Documentos/personal/Whisk3D/android/app/.cxx/Debug/6l6zoi28/x86_64/CMakeFiles/CMakeTmp/CheckSymbolExists.c:14:19: error: use of undeclared identifier '_ltoa'
   14 |   return ((int*)(&_ltoa))[argc];
      |                   ^
1 error generated.
ninja: build stopped: subcommand failed.


File /home/dante/Documentos/personal/Whisk3D/android/app/.cxx/Debug/6l6zoi28/x86_64/CMakeFiles/CMakeTmp/CheckSymbolExists.c:
/* */
#include <stddef.h>
#include <stdarg.h>
#include <stdlib.h>
#include <string.h>
#include <stdio.h>
#include <wchar.h>
#include <float.h>

int main(int argc, char** argv)
{
  (void)argv;
#ifndef _ltoa
  return ((int*)(&_ltoa))[argc];
#else
  (void)argc;
  return 0;
#endif
}
Determining if the _uitoa exist failed with the following output:
Change Dir: /home/dante/Documentos/personal/Whisk3D/android/app/.cxx/Debug/6l6zoi28/x86_64/CMakeFiles/CMakeTmp

Run Build Command(s):/usr/bin/ninja cmTC_0d9e0 && [1/2] Building C object CMakeFiles/cmTC_0d9e0.dir/CheckSymbolExists.c.o
FAILED: CMakeFiles/cmTC_0d9e0.dir/CheckSymbolExists.c.o 
/home/dante/Android/Sdk/ndk/27.0.12077973/toolchains/llvm/prebuilt/linux-x86_64/bin/clang --target=x86_64-none-linux-android21 --sysroot=/home/dante/Android/Sdk/ndk/27.0.12077973/toolchains/llvm/prebuilt/linux-x86_64/sysroot   -g -DANDROID -fdata-sections -ffunction-sections -funwind-tables -fstack-protector-strong -no-canonical-prefixes -D_FORTIFY_SOURCE=2 -Wformat  -idirafter "/home/dante/Documentos/personal/Whisk3D/android/app/.cxx/Debug/6l6zoi28/x86_64/external/SDL2/src/video/khronos"  -D_GNU_SOURCE=1 -fPIE -MD -MT CMakeFiles/cmTC_0d9e0.dir/CheckSymbolExists.c.o -MF CMakeFiles/cmTC_0d9e0.dir/CheckSymbolExists.c.o.d -o CMakeFiles/cmTC_0d9e0.dir/CheckSymbolExists.c.o -c /home/dante/Documentos/personal/Whisk3D/android/app/.cxx/Debug/6l6zoi28/x86_64/CMakeFiles/CMakeTmp/CheckSymbolExists.c
/home/dante/Documentos/personal/Whisk3D/android/app/.cxx/Debug/6l6zoi28/x86_64/CMakeFiles/CMakeTmp/CheckSymbolExists.c:14:19: error: use of undeclared identifier '_uitoa'
   14 |   return ((int*)(&_uitoa))[argc];
      |                   ^
1 error generated.
ninja: build stopped: subcommand failed.


File /home/dante/Documentos/personal/Whisk3D/android/app/.cxx/Debug/6l6zoi28/x86_64/CMakeFiles/CMakeTmp/CheckSymbolExists.c:
/* */
#include <stddef.h>
#include <stdarg.h>
#include <stdlib.h>
#include <string.h>
#include <stdio.h>
#include <wchar.h>
#include <float.h>

int main(int argc, char** argv)
{
  (void)argv;
#ifndef _uitoa
  return ((int*)(&_uitoa))[argc];
#else
  (void)argc;
  return 0;
#endif
}
Determining if the _ultoa exist failed with the following output:
Change Dir: /home/dante/Documentos/personal/Whisk3D/android/app/.cxx/Debug/6l6zoi28/x86_64/CMakeFiles/CMakeTmp

Run Build Command(s):/usr/bin/ninja cmTC_d49bf && [1/2] Building C object CMakeFiles/cmTC_d49bf.dir/CheckSymbolExists.c.o
FAILED: CMakeFiles/cmTC_d49bf.dir/CheckSymbolExists.c.o 
/home/dante/Android/Sdk/ndk/27.0.12077973/toolchains/llvm/prebuilt/linux-x86_64/bin/clang --target=x86_64-none-linux-android21 --sysroot=/home/dante/Android/Sdk/ndk/27.0.12077973/toolchains/llvm/prebuilt/linux-x86_64/sysroot   -g -DANDROID -fdata-sections -ffunction-sections -funwind-tables -fstack-protector-strong -no-canonical-prefixes -D_FORTIFY_SOURCE=2 -Wformat  -idirafter "/home/dante/Documentos/personal/Whisk3D/android/app/.cxx/Debug/6l6zoi28/x86_64/external/SDL2/src/video/khronos"  -D_GNU_SOURCE=1 -fPIE -MD -MT CMakeFiles/cmTC_d49bf.dir/CheckSymbolExists.c.o -MF CMakeFiles/cmTC_d49bf.dir/CheckSymbolExists.c.o.d -o CMakeFiles/cmTC_d49bf.dir/CheckSymbolExists.c.o -c /home/dante/Documentos/personal/Whisk3D/android/app/.cxx/Debug/6l6zoi28/x86_64/CMakeFiles/CMakeTmp/CheckSymbolExists.c
/home/dante/Documentos/personal/Whisk3D/android/app/.cxx/Debug/6l6zoi28/x86_64/CMakeFiles/CMakeTmp/CheckSymbolExists.c:14:19: error: use of undeclared identifier '_ultoa'
   14 |   return ((int*)(&_ultoa))[argc];
      |                   ^
1 error generated.
ninja: build stopped: subcommand failed.


File /home/dante/Documentos/personal/Whisk3D/android/app/.cxx/Debug/6l6zoi28/x86_64/CMakeFiles/CMakeTmp/CheckSymbolExists.c:
/* */
#include <stddef.h>
#include <stdarg.h>
#include <stdlib.h>
#include <string.h>
#include <stdio.h>
#include <wchar.h>
#include <float.h>

int main(int argc, char** argv)
{
  (void)argv;
#ifndef _ultoa
  return ((int*)(&_ultoa))[argc];
#else
  (void)argc;
  return 0;
#endif
}
Determining if the _i64toa exist failed with the following output:
Change Dir: /home/dante/Documentos/personal/Whisk3D/android/app/.cxx/Debug/6l6zoi28/x86_64/CMakeFiles/CMakeTmp

Run Build Command(s):/usr/bin/ninja cmTC_309d6 && [1/2] Building C object CMakeFiles/cmTC_309d6.dir/CheckSymbolExists.c.o
FAILED: CMakeFiles/cmTC_309d6.dir/CheckSymbolExists.c.o 
/home/dante/Android/Sdk/ndk/27.0.12077973/toolchains/llvm/prebuilt/linux-x86_64/bin/clang --target=x86_64-none-linux-android21 --sysroot=/home/dante/Android/Sdk/ndk/27.0.12077973/toolchains/llvm/prebuilt/linux-x86_64/sysroot   -g -DANDROID -fdata-sections -ffunction-sections -funwind-tables -fstack-protector-strong -no-canonical-prefixes -D_FORTIFY_SOURCE=2 -Wformat  -idirafter "/home/dante/Documentos/personal/Whisk3D/android/app/.cxx/Debug/6l6zoi28/x86_64/external/SDL2/src/video/khronos"  -D_GNU_SOURCE=1 -fPIE -MD -MT CMakeFiles/cmTC_309d6.dir/CheckSymbolExists.c.o -MF CMakeFiles/cmTC_309d6.dir/CheckSymbolExists.c.o.d -o CMakeFiles/cmTC_309d6.dir/CheckSymbolExists.c.o -c /home/dante/Documentos/personal/Whisk3D/android/app/.cxx/Debug/6l6zoi28/x86_64/CMakeFiles/CMakeTmp/CheckSymbolExists.c
/home/dante/Documentos/personal/Whisk3D/android/app/.cxx/Debug/6l6zoi28/x86_64/CMakeFiles/CMakeTmp/CheckSymbolExists.c:14:19: error: use of undeclared identifier '_i64toa'
   14 |   return ((int*)(&_i64toa))[argc];
      |                   ^
1 error generated.
ninja: build stopped: subcommand failed.


File /home/dante/Documentos/personal/Whisk3D/android/app/.cxx/Debug/6l6zoi28/x86_64/CMakeFiles/CMakeTmp/CheckSymbolExists.c:
/* */
#include <stddef.h>
#include <stdarg.h>
#include <stdlib.h>
#include <string.h>
#include <stdio.h>
#include <wchar.h>
#include <float.h>

int main(int argc, char** argv)
{
  (void)argv;
#ifndef _i64toa
  return ((int*)(&_i64toa))[argc];
#else
  (void)argc;
  return 0;
#endif
}
Determining if the _ui64toa exist failed with the following output:
Change Dir: /home/dante/Documentos/personal/Whisk3D/android/app/.cxx/Debug/6l6zoi28/x86_64/CMakeFiles/CMakeTmp

Run Build Command(s):/usr/bin/ninja cmTC_0589c && [1/2] Building C object CMakeFiles/cmTC_0589c.dir/CheckSymbolExists.c.o
FAILED: CMakeFiles/cmTC_0589c.dir/CheckSymbolExists.c.o 
/home/dante/Android/Sdk/ndk/27.0.12077973/toolchains/llvm/prebuilt/linux-x86_64/bin/clang --target=x86_64-none-linux-android21 --sysroot=/home/dante/Android/Sdk/ndk/27.0.12077973/toolchains/llvm/prebuilt/linux-x86_64/sysroot   -g -DANDROID -fdata-sections -ffunction-sections -funwind-tables -fstack-protector-strong -no-canonical-prefixes -D_FORTIFY_SOURCE=2 -Wformat  -idirafter "/home/dante/Documentos/personal/Whisk3D/android/app/.cxx/Debug/6l6zoi28/x86_64/external/SDL2/src/video/khronos"  -D_GNU_SOURCE=1 -fPIE -MD -MT CMakeFiles/cmTC_0589c.dir/CheckSymbolExists.c.o -MF CMakeFiles/cmTC_0589c.dir/CheckSymbolExists.c.o.d -o CMakeFiles/cmTC_0589c.dir/CheckSymbolExists.c.o -c /home/dante/Documentos/personal/Whisk3D/android/app/.cxx/Debug/6l6zoi28/x86_64/CMakeFiles/CMakeTmp/CheckSymbolExists.c
/home/dante/Documentos/personal/Whisk3D/android/app/.cxx/Debug/6l6zoi28/x86_64/CMakeFiles/CMakeTmp/CheckSymbolExists.c:14:19: error: use of undeclared identifier '_ui64toa'
   14 |   return ((int*)(&_ui64toa))[argc];
      |                   ^
1 error generated.
ninja: build stopped: subcommand failed.


File /home/dante/Documentos/personal/Whisk3D/android/app/.cxx/Debug/6l6zoi28/x86_64/CMakeFiles/CMakeTmp/CheckSymbolExists.c:
/* */
#include <stddef.h>
#include <stdarg.h>
#include <stdlib.h>
#include <string.h>
#include <stdio.h>
#include <wchar.h>
#include <float.h>

int main(int argc, char** argv)
{
  (void)argv;
#ifndef _ui64toa
  return ((int*)(&_ui64toa))[argc];
#else
  (void)argc;
  return 0;
#endif
}
Determining if the _stricmp exist failed with the following output:
Change Dir: /home/dante/Documentos/personal/Whisk3D/android/app/.cxx/Debug/6l6zoi28/x86_64/CMakeFiles/CMakeTmp

Run Build Command(s):/usr/bin/ninja cmTC_795d2 && [1/2] Building C object CMakeFiles/cmTC_795d2.dir/CheckSymbolExists.c.o
FAILED: CMakeFiles/cmTC_795d2.dir/CheckSymbolExists.c.o 
/home/dante/Android/Sdk/ndk/27.0.12077973/toolchains/llvm/prebuilt/linux-x86_64/bin/clang --target=x86_64-none-linux-android21 --sysroot=/home/dante/Android/Sdk/ndk/27.0.12077973/toolchains/llvm/prebuilt/linux-x86_64/sysroot   -g -DANDROID -fdata-sections -ffunction-sections -funwind-tables -fstack-protector-strong -no-canonical-prefixes -D_FORTIFY_SOURCE=2 -Wformat  -idirafter "/home/dante/Documentos/personal/Whisk3D/android/app/.cxx/Debug/6l6zoi28/x86_64/external/SDL2/src/video/khronos"  -D_GNU_SOURCE=1 -fPIE -MD -MT CMakeFiles/cmTC_795d2.dir/CheckSymbolExists.c.o -MF CMakeFiles/cmTC_795d2.dir/CheckSymbolExists.c.o.d -o CMakeFiles/cmTC_795d2.dir/CheckSymbolExists.c.o -c /home/dante/Documentos/personal/Whisk3D/android/app/.cxx/Debug/6l6zoi28/x86_64/CMakeFiles/CMakeTmp/CheckSymbolExists.c
/home/dante/Documentos/personal/Whisk3D/android/app/.cxx/Debug/6l6zoi28/x86_64/CMakeFiles/CMakeTmp/CheckSymbolExists.c:14:19: error: use of undeclared identifier '_stricmp'
   14 |   return ((int*)(&_stricmp))[argc];
      |                   ^
1 error generated.
ninja: build stopped: subcommand failed.


File /home/dante/Documentos/personal/Whisk3D/android/app/.cxx/Debug/6l6zoi28/x86_64/CMakeFiles/CMakeTmp/CheckSymbolExists.c:
/* */
#include <stddef.h>
#include <stdarg.h>
#include <stdlib.h>
#include <string.h>
#include <stdio.h>
#include <wchar.h>
#include <float.h>

int main(int argc, char** argv)
{
  (void)argv;
#ifndef _stricmp
  return ((int*)(&_stricmp))[argc];
#else
  (void)argc;
  return 0;
#endif
}
Determining if the _strnicmp exist failed with the following output:
Change Dir: /home/dante/Documentos/personal/Whisk3D/android/app/.cxx/Debug/6l6zoi28/x86_64/CMakeFiles/CMakeTmp

Run Build Command(s):/usr/bin/ninja cmTC_9ca1d && [1/2] Building C object CMakeFiles/cmTC_9ca1d.dir/CheckSymbolExists.c.o
FAILED: CMakeFiles/cmTC_9ca1d.dir/CheckSymbolExists.c.o 
/home/dante/Android/Sdk/ndk/27.0.12077973/toolchains/llvm/prebuilt/linux-x86_64/bin/clang --target=x86_64-none-linux-android21 --sysroot=/home/dante/Android/Sdk/ndk/27.0.12077973/toolchains/llvm/prebuilt/linux-x86_64/sysroot   -g -DANDROID -fdata-sections -ffunction-sections -funwind-tables -fstack-protector-strong -no-canonical-prefixes -D_FORTIFY_SOURCE=2 -Wformat  -idirafter "/home/dante/Documentos/personal/Whisk3D/android/app/.cxx/Debug/6l6zoi28/x86_64/external/SDL2/src/video/khronos"  -D_GNU_SOURCE=1 -fPIE -MD -MT CMakeFiles/cmTC_9ca1d.dir/CheckSymbolExists.c.o -MF CMakeFiles/cmTC_9ca1d.dir/CheckSymbolExists.c.o.d -o CMakeFiles/cmTC_9ca1d.dir/CheckSymbolExists.c.o -c /home/dante/Documentos/personal/Whisk3D/android/app/.cxx/Debug/6l6zoi28/x86_64/CMakeFiles/CMakeTmp/CheckSymbolExists.c
/home/dante/Documentos/personal/Whisk3D/android/app/.cxx/Debug/6l6zoi28/x86_64/CMakeFiles/CMakeTmp/CheckSymbolExists.c:14:19: error: use of undeclared identifier '_strnicmp'; did you mean 'strncmp'?
   14 |   return ((int*)(&_strnicmp))[argc];
      |                   ^~~~~~~~~
      |                   strncmp
/home/dante/Android/Sdk/ndk/27.0.12077973/toolchains/llvm/prebuilt/linux-x86_64/sysroot/usr/include/string.h:173:5: note: 'strncmp' declared here
  173 | int strncmp(const char* _Nonnull __lhs, const char* _Nonnull __rhs, size_t __n) __attribute_pure__;
      |     ^
1 error generated.
ninja: build stopped: subcommand failed.


File /home/dante/Documentos/personal/Whisk3D/android/app/.cxx/Debug/6l6zoi28/x86_64/CMakeFiles/CMakeTmp/CheckSymbolExists.c:
/* */
#include <stddef.h>
#include <stdarg.h>
#include <stdlib.h>
#include <string.h>
#include <stdio.h>
#include <wchar.h>
#include <float.h>

int main(int argc, char** argv)
{
  (void)argv;
#ifndef _strnicmp
  return ((int*)(&_strnicmp))[argc];
#else
  (void)argc;
  return 0;
#endif
}
Determining if the _wcsdup exist failed with the following output:
Change Dir: /home/dante/Documentos/personal/Whisk3D/android/app/.cxx/Debug/6l6zoi28/x86_64/CMakeFiles/CMakeTmp

Run Build Command(s):/usr/bin/ninja cmTC_53d42 && [1/2] Building C object CMakeFiles/cmTC_53d42.dir/CheckSymbolExists.c.o
FAILED: CMakeFiles/cmTC_53d42.dir/CheckSymbolExists.c.o 
/home/dante/Android/Sdk/ndk/27.0.12077973/toolchains/llvm/prebuilt/linux-x86_64/bin/clang --target=x86_64-none-linux-android21 --sysroot=/home/dante/Android/Sdk/ndk/27.0.12077973/toolchains/llvm/prebuilt/linux-x86_64/sysroot   -g -DANDROID -fdata-sections -ffunction-sections -funwind-tables -fstack-protector-strong -no-canonical-prefixes -D_FORTIFY_SOURCE=2 -Wformat  -idirafter "/home/dante/Documentos/personal/Whisk3D/android/app/.cxx/Debug/6l6zoi28/x86_64/external/SDL2/src/video/khronos"  -D_GNU_SOURCE=1 -fPIE -MD -MT CMakeFiles/cmTC_53d42.dir/CheckSymbolExists.c.o -MF CMakeFiles/cmTC_53d42.dir/CheckSymbolExists.c.o.d -o CMakeFiles/cmTC_53d42.dir/CheckSymbolExists.c.o -c /home/dante/Documentos/personal/Whisk3D/android/app/.cxx/Debug/6l6zoi28/x86_64/CMakeFiles/CMakeTmp/CheckSymbolExists.c
/home/dante/Documentos/personal/Whisk3D/android/app/.cxx/Debug/6l6zoi28/x86_64/CMakeFiles/CMakeTmp/CheckSymbolExists.c:14:19: error: use of undeclared identifier '_wcsdup'; did you mean 'wcsdup'?
   14 |   return ((int*)(&_wcsdup))[argc];
      |                   ^~~~~~~
      |                   wcsdup
/home/dante/Android/Sdk/ndk/27.0.12077973/toolchains/llvm/prebuilt/linux-x86_64/sysroot/usr/include/wchar.h:181:20: note: 'wcsdup' declared here
  181 | wchar_t* _Nullable wcsdup(const wchar_t* _Nonnull __s);
      |                    ^
1 error generated.
ninja: build stopped: subcommand failed.


File /home/dante/Documentos/personal/Whisk3D/android/app/.cxx/Debug/6l6zoi28/x86_64/CMakeFiles/CMakeTmp/CheckSymbolExists.c:
/* */
#include <stddef.h>
#include <stdarg.h>
#include <stdlib.h>
#include <string.h>
#include <stdio.h>
#include <wchar.h>
#include <float.h>

int main(int argc, char** argv)
{
  (void)argv;
#ifndef _wcsdup
  return ((int*)(&_wcsdup))[argc];
#else
  (void)argc;
  return 0;
#endif
}
Determining if the _wcsicmp exist failed with the following output:
Change Dir: /home/dante/Documentos/personal/Whisk3D/android/app/.cxx/Debug/6l6zoi28/x86_64/CMakeFiles/CMakeTmp

Run Build Command(s):/usr/bin/ninja cmTC_975ca && [1/2] Building C object CMakeFiles/cmTC_975ca.dir/CheckSymbolExists.c.o
FAILED: CMakeFiles/cmTC_975ca.dir/CheckSymbolExists.c.o 
/home/dante/Android/Sdk/ndk/27.0.12077973/toolchains/llvm/prebuilt/linux-x86_64/bin/clang --target=x86_64-none-linux-android21 --sysroot=/home/dante/Android/Sdk/ndk/27.0.12077973/toolchains/llvm/prebuilt/linux-x86_64/sysroot   -g -DANDROID -fdata-sections -ffunction-sections -funwind-tables -fstack-protector-strong -no-canonical-prefixes -D_FORTIFY_SOURCE=2 -Wformat  -idirafter "/home/dante/Documentos/personal/Whisk3D/android/app/.cxx/Debug/6l6zoi28/x86_64/external/SDL2/src/video/khronos"  -D_GNU_SOURCE=1 -fPIE -MD -MT CMakeFiles/cmTC_975ca.dir/CheckSymbolExists.c.o -MF CMakeFiles/cmTC_975ca.dir/CheckSymbolExists.c.o.d -o CMakeFiles/cmTC_975ca.dir/CheckSymbolExists.c.o -c /home/dante/Documentos/personal/Whisk3D/android/app/.cxx/Debug/6l6zoi28/x86_64/CMakeFiles/CMakeTmp/CheckSymbolExists.c
/home/dante/Documentos/personal/Whisk3D/android/app/.cxx/Debug/6l6zoi28/x86_64/CMakeFiles/CMakeTmp/CheckSymbolExists.c:14:19: error: use of undeclared identifier '_wcsicmp'
   14 |   return ((int*)(&_wcsicmp))[argc];
      |                   ^
1 error generated.
ninja: build stopped: subcommand failed.


File /home/dante/Documentos/personal/Whisk3D/android/app/.cxx/Debug/6l6zoi28/x86_64/CMakeFiles/CMakeTmp/CheckSymbolExists.c:
/* */
#include <stddef.h>
#include <stdarg.h>
#include <stdlib.h>
#include <string.h>
#include <stdio.h>
#include <wchar.h>
#include <float.h>

int main(int argc, char** argv)
{
  (void)argv;
#ifndef _wcsicmp
  return ((int*)(&_wcsicmp))[argc];
#else
  (void)argc;
  return 0;
#endif
}
Determining if the _wcsnicmp exist failed with the following output:
Change Dir: /home/dante/Documentos/personal/Whisk3D/android/app/.cxx/Debug/6l6zoi28/x86_64/CMakeFiles/CMakeTmp

Run Build Command(s):/usr/bin/ninja cmTC_3bdd1 && [1/2] Building C object CMakeFiles/cmTC_3bdd1.dir/CheckSymbolExists.c.o
FAILED: CMakeFiles/cmTC_3bdd1.dir/CheckSymbolExists.c.o 
/home/dante/Android/Sdk/ndk/27.0.12077973/toolchains/llvm/prebuilt/linux-x86_64/bin/clang --target=x86_64-none-linux-android21 --sysroot=/home/dante/Android/Sdk/ndk/27.0.12077973/toolchains/llvm/prebuilt/linux-x86_64/sysroot   -g -DANDROID -fdata-sections -ffunction-sections -funwind-tables -fstack-protector-strong -no-canonical-prefixes -D_FORTIFY_SOURCE=2 -Wformat  -idirafter "/home/dante/Documentos/personal/Whisk3D/android/app/.cxx/Debug/6l6zoi28/x86_64/external/SDL2/src/video/khronos"  -D_GNU_SOURCE=1 -fPIE -MD -MT CMakeFiles/cmTC_3bdd1.dir/CheckSymbolExists.c.o -MF CMakeFiles/cmTC_3bdd1.dir/CheckSymbolExists.c.o.d -o CMakeFiles/cmTC_3bdd1.dir/CheckSymbolExists.c.o -c /home/dante/Documentos/personal/Whisk3D/android/app/.cxx/Debug/6l6zoi28/x86_64/CMakeFiles/CMakeTmp/CheckSymbolExists.c
/home/dante/Documentos/personal/Whisk3D/android/app/.cxx/Debug/6l6zoi28/x86_64/CMakeFiles/CMakeTmp/CheckSymbolExists.c:14:19: error: use of undeclared identifier '_wcsnicmp'; did you mean 'wcsncmp'?
   14 |   return ((int*)(&_wcsnicmp))[argc];
      |                   ^~~~~~~~~
      |                   wcsncmp
/home/dante/Android/Sdk/ndk/27.0.12077973/toolchains/llvm/prebuilt/linux-x86_64/sysroot/usr/include/wchar.h:107:5: note: 'wcsncmp' declared here
  107 | int wcsncmp(const wchar_t* _Nonnull __lhs, const wchar_t* _Nonnull __rhs, size_t __n);
      |     ^
1 error generated.
ninja: build stopped: subcommand failed.


File /home/dante/Documentos/personal/Whisk3D/android/app/.cxx/Debug/6l6zoi28/x86_64/CMakeFiles/CMakeTmp/CheckSymbolExists.c:
/* */
#include <stddef.h>
#include <stdarg.h>
#include <stdlib.h>
#include <string.h>
#include <stdio.h>
#include <wchar.h>
#include <float.h>

int main(int argc, char** argv)
{
  (void)argv;
#ifndef _wcsnicmp
  return ((int*)(&_wcsnicmp))[argc];
#else
  (void)argc;
  return 0;
#endif
}
Determining if the fopen64 exist failed with the following output:
Change Dir: /home/dante/Documentos/personal/Whisk3D/android/app/.cxx/Debug/6l6zoi28/x86_64/CMakeFiles/CMakeTmp

Run Build Command(s):/usr/bin/ninja cmTC_2dde2 && [1/2] Building C object CMakeFiles/cmTC_2dde2.dir/CheckSymbolExists.c.o
FAILED: CMakeFiles/cmTC_2dde2.dir/CheckSymbolExists.c.o 
/home/dante/Android/Sdk/ndk/27.0.12077973/toolchains/llvm/prebuilt/linux-x86_64/bin/clang --target=x86_64-none-linux-android21 --sysroot=/home/dante/Android/Sdk/ndk/27.0.12077973/toolchains/llvm/prebuilt/linux-x86_64/sysroot   -g -DANDROID -fdata-sections -ffunction-sections -funwind-tables -fstack-protector-strong -no-canonical-prefixes -D_FORTIFY_SOURCE=2 -Wformat  -idirafter "/home/dante/Documentos/personal/Whisk3D/android/app/.cxx/Debug/6l6zoi28/x86_64/external/SDL2/src/video/khronos"  -D_GNU_SOURCE=1 -fPIE -MD -MT CMakeFiles/cmTC_2dde2.dir/CheckSymbolExists.c.o -MF CMakeFiles/cmTC_2dde2.dir/CheckSymbolExists.c.o.d -o CMakeFiles/cmTC_2dde2.dir/CheckSymbolExists.c.o -c /home/dante/Documentos/personal/Whisk3D/android/app/.cxx/Debug/6l6zoi28/x86_64/CMakeFiles/CMakeTmp/CheckSymbolExists.c
/home/dante/Documentos/personal/Whisk3D/android/app/.cxx/Debug/6l6zoi28/x86_64/CMakeFiles/CMakeTmp/CheckSymbolExists.c:14:19: error: use of undeclared identifier 'fopen64'; did you mean 'fopen'?
   14 |   return ((int*)(&fopen64))[argc];
      |                   ^~~~~~~
      |                   fopen
/home/dante/Android/Sdk/ndk/27.0.12077973/toolchains/llvm/prebuilt/linux-x86_64/sysroot/usr/include/stdio.h:267:17: note: 'fopen' declared here
  267 | FILE* _Nullable fopen(const char* _Nonnull __path, const char* _Nonnull __mode);
      |                 ^
1 error generated.
ninja: build stopped: subcommand failed.


File /home/dante/Documentos/personal/Whisk3D/android/app/.cxx/Debug/6l6zoi28/x86_64/CMakeFiles/CMakeTmp/CheckSymbolExists.c:
/* */
#include <stddef.h>
#include <stdarg.h>
#include <stdlib.h>
#include <string.h>
#include <stdio.h>
#include <wchar.h>
#include <float.h>

int main(int argc, char** argv)
{
  (void)argv;
#ifndef fopen64
  return ((int*)(&fopen64))[argc];
#else
  (void)argc;
  return 0;
#endif
}
Determining if the fseeko64 exist failed with the following output:
Change Dir: /home/dante/Documentos/personal/Whisk3D/android/app/.cxx/Debug/6l6zoi28/x86_64/CMakeFiles/CMakeTmp

Run Build Command(s):/usr/bin/ninja cmTC_25586 && [1/2] Building C object CMakeFiles/cmTC_25586.dir/CheckSymbolExists.c.o
FAILED: CMakeFiles/cmTC_25586.dir/CheckSymbolExists.c.o 
/home/dante/Android/Sdk/ndk/27.0.12077973/toolchains/llvm/prebuilt/linux-x86_64/bin/clang --target=x86_64-none-linux-android21 --sysroot=/home/dante/Android/Sdk/ndk/27.0.12077973/toolchains/llvm/prebuilt/linux-x86_64/sysroot   -g -DANDROID -fdata-sections -ffunction-sections -funwind-tables -fstack-protector-strong -no-canonical-prefixes -D_FORTIFY_SOURCE=2 -Wformat  -idirafter "/home/dante/Documentos/personal/Whisk3D/android/app/.cxx/Debug/6l6zoi28/x86_64/external/SDL2/src/video/khronos"  -D_GNU_SOURCE=1 -fPIE -MD -MT CMakeFiles/cmTC_25586.dir/CheckSymbolExists.c.o -MF CMakeFiles/cmTC_25586.dir/CheckSymbolExists.c.o.d -o CMakeFiles/cmTC_25586.dir/CheckSymbolExists.c.o -c /home/dante/Documentos/personal/Whisk3D/android/app/.cxx/Debug/6l6zoi28/x86_64/CMakeFiles/CMakeTmp/CheckSymbolExists.c
/home/dante/Documentos/personal/Whisk3D/android/app/.cxx/Debug/6l6zoi28/x86_64/CMakeFiles/CMakeTmp/CheckSymbolExists.c:14:19: error: use of undeclared identifier 'fseeko64'; did you mean 'fseeko'?
   14 |   return ((int*)(&fseeko64))[argc];
      |                   ^~~~~~~~
      |                   fseeko
/home/dante/Android/Sdk/ndk/27.0.12077973/toolchains/llvm/prebuilt/linux-x86_64/sysroot/usr/include/stdio.h:235:5: note: 'fseeko' declared here
  235 | int fseeko(FILE* _Nonnull __fp, off_t __offset, int __whence);
      |     ^
1 error generated.
ninja: build stopped: subcommand failed.


File /home/dante/Documentos/personal/Whisk3D/android/app/.cxx/Debug/6l6zoi28/x86_64/CMakeFiles/CMakeTmp/CheckSymbolExists.c:
/* */
#include <stddef.h>
#include <stdarg.h>
#include <stdlib.h>
#include <string.h>
#include <stdio.h>
#include <wchar.h>
#include <float.h>

int main(int argc, char** argv)
{
  (void)argv;
#ifndef fseeko64
  return ((int*)(&fseeko64))[argc];
#else
  (void)argc;
  return 0;
#endif
}
Determining if the sysctlbyname exist failed with the following output:
Change Dir: /home/dante/Documentos/personal/Whisk3D/android/app/.cxx/Debug/6l6zoi28/x86_64/CMakeFiles/CMakeTmp

Run Build Command(s):/usr/bin/ninja cmTC_5f1d9 && [1/2] Building C object CMakeFiles/cmTC_5f1d9.dir/CheckSymbolExists.c.o
FAILED: CMakeFiles/cmTC_5f1d9.dir/CheckSymbolExists.c.o 
/home/dante/Android/Sdk/ndk/27.0.12077973/toolchains/llvm/prebuilt/linux-x86_64/bin/clang --target=x86_64-none-linux-android21 --sysroot=/home/dante/Android/Sdk/ndk/27.0.12077973/toolchains/llvm/prebuilt/linux-x86_64/sysroot   -g -DANDROID -fdata-sections -ffunction-sections -funwind-tables -fstack-protector-strong -no-canonical-prefixes -D_FORTIFY_SOURCE=2 -Wformat  -idirafter "/home/dante/Documentos/personal/Whisk3D/android/app/.cxx/Debug/6l6zoi28/x86_64/external/SDL2/src/video/khronos"  -D_GNU_SOURCE=1 -fPIE -MD -MT CMakeFiles/cmTC_5f1d9.dir/CheckSymbolExists.c.o -MF CMakeFiles/cmTC_5f1d9.dir/CheckSymbolExists.c.o.d -o CMakeFiles/cmTC_5f1d9.dir/CheckSymbolExists.c.o -c /home/dante/Documentos/personal/Whisk3D/android/app/.cxx/Debug/6l6zoi28/x86_64/CMakeFiles/CMakeTmp/CheckSymbolExists.c
/home/dante/Documentos/personal/Whisk3D/android/app/.cxx/Debug/6l6zoi28/x86_64/CMakeFiles/CMakeTmp/CheckSymbolExists.c:3:10: fatal error: 'sys/sysctl.h' file not found
    3 | #include <sys/sysctl.h>
      |          ^~~~~~~~~~~~~~
1 error generated.
ninja: build stopped: subcommand failed.


File /home/dante/Documentos/personal/Whisk3D/android/app/.cxx/Debug/6l6zoi28/x86_64/CMakeFiles/CMakeTmp/CheckSymbolExists.c:
/* */
#include <sys/types.h>
#include <sys/sysctl.h>

int main(int argc, char** argv)
{
  (void)argv;
#ifndef sysctlbyname
  return ((int*)(&sysctlbyname))[argc];
#else
  (void)argc;
  return 0;
#endif
}
Determining if the elf_aux_info exist failed with the following output:
Change Dir: /home/dante/Documentos/personal/Whisk3D/android/app/.cxx/Debug/6l6zoi28/x86_64/CMakeFiles/CMakeTmp

Run Build Command(s):/usr/bin/ninja cmTC_87427 && [1/2] Building C object CMakeFiles/cmTC_87427.dir/CheckSymbolExists.c.o
FAILED: CMakeFiles/cmTC_87427.dir/CheckSymbolExists.c.o 
/home/dante/Android/Sdk/ndk/27.0.12077973/toolchains/llvm/prebuilt/linux-x86_64/bin/clang --target=x86_64-none-linux-android21 --sysroot=/home/dante/Android/Sdk/ndk/27.0.12077973/toolchains/llvm/prebuilt/linux-x86_64/sysroot   -g -DANDROID -fdata-sections -ffunction-sections -funwind-tables -fstack-protector-strong -no-canonical-prefixes -D_FORTIFY_SOURCE=2 -Wformat  -idirafter "/home/dante/Documentos/personal/Whisk3D/android/app/.cxx/Debug/6l6zoi28/x86_64/external/SDL2/src/video/khronos"  -D_GNU_SOURCE=1 -fPIE -MD -MT CMakeFiles/cmTC_87427.dir/CheckSymbolExists.c.o -MF CMakeFiles/cmTC_87427.dir/CheckSymbolExists.c.o.d -o CMakeFiles/cmTC_87427.dir/CheckSymbolExists.c.o -c /home/dante/Documentos/personal/Whisk3D/android/app/.cxx/Debug/6l6zoi28/x86_64/CMakeFiles/CMakeTmp/CheckSymbolExists.c
/home/dante/Documentos/personal/Whisk3D/android/app/.cxx/Debug/6l6zoi28/x86_64/CMakeFiles/CMakeTmp/CheckSymbolExists.c:8:19: error: use of undeclared identifier 'elf_aux_info'
    8 |   return ((int*)(&elf_aux_info))[argc];
      |                   ^
1 error generated.
ninja: build stopped: subcommand failed.


File /home/dante/Documentos/personal/Whisk3D/android/app/.cxx/Debug/6l6zoi28/x86_64/CMakeFiles/CMakeTmp/CheckSymbolExists.c:
/* */
#include <sys/auxv.h>

int main(int argc, char** argv)
{
  (void)argv;
#ifndef elf_aux_info
  return ((int*)(&elf_aux_info))[argc];
#else
  (void)argc;
  return 0;
#endif
}
Determining if the memfd_create exist failed with the following output:
Change Dir: /home/dante/Documentos/personal/Whisk3D/android/app/.cxx/Debug/6l6zoi28/x86_64/CMakeFiles/CMakeTmp

Run Build Command(s):/usr/bin/ninja cmTC_1e84a && [1/2] Building C object CMakeFiles/cmTC_1e84a.dir/CheckSymbolExists.c.o
FAILED: CMakeFiles/cmTC_1e84a.dir/CheckSymbolExists.c.o 
/home/dante/Android/Sdk/ndk/27.0.12077973/toolchains/llvm/prebuilt/linux-x86_64/bin/clang --target=x86_64-none-linux-android21 --sysroot=/home/dante/Android/Sdk/ndk/27.0.12077973/toolchains/llvm/prebuilt/linux-x86_64/sysroot   -g -DANDROID -fdata-sections -ffunction-sections -funwind-tables -fstack-protector-strong -no-canonical-prefixes -D_FORTIFY_SOURCE=2 -Wformat  -idirafter "/home/dante/Documentos/personal/Whisk3D/android/app/.cxx/Debug/6l6zoi28/x86_64/external/SDL2/src/video/khronos"  -D_GNU_SOURCE=1 -fPIE -MD -MT CMakeFiles/cmTC_1e84a.dir/CheckSymbolExists.c.o -MF CMakeFiles/cmTC_1e84a.dir/CheckSymbolExists.c.o.d -o CMakeFiles/cmTC_1e84a.dir/CheckSymbolExists.c.o -c /home/dante/Documentos/personal/Whisk3D/android/app/.cxx/Debug/6l6zoi28/x86_64/CMakeFiles/CMakeTmp/CheckSymbolExists.c
/home/dante/Documentos/personal/Whisk3D/android/app/.cxx/Debug/6l6zoi28/x86_64/CMakeFiles/CMakeTmp/CheckSymbolExists.c:8:19: error: use of undeclared identifier 'memfd_create'
    8 |   return ((int*)(&memfd_create))[argc];
      |                   ^
1 error generated.
ninja: build stopped: subcommand failed.


File /home/dante/Documentos/personal/Whisk3D/android/app/.cxx/Debug/6l6zoi28/x86_64/CMakeFiles/CMakeTmp/CheckSymbolExists.c:
/* */
#include <sys/mman.h>

int main(int argc, char** argv)
{
  (void)argv;
#ifndef memfd_create
  return ((int*)(&memfd_create))[argc];
#else
  (void)argc;
  return 0;
#endif
}
Performing C SOURCE FILE Test ICONV_IN_LIBC failed with the following output:
Change Dir: /home/dante/Documentos/personal/Whisk3D/android/app/.cxx/Debug/6l6zoi28/x86_64/CMakeFiles/CMakeTmp

Run Build Command(s):/usr/bin/ninja cmTC_c3b53 && [1/2] Building C object CMakeFiles/cmTC_c3b53.dir/src.c.o
FAILED: CMakeFiles/cmTC_c3b53.dir/src.c.o 
/home/dante/Android/Sdk/ndk/27.0.12077973/toolchains/llvm/prebuilt/linux-x86_64/bin/clang --target=x86_64-none-linux-android21 --sysroot=/home/dante/Android/Sdk/ndk/27.0.12077973/toolchains/llvm/prebuilt/linux-x86_64/sysroot -DICONV_IN_LIBC  -g -DANDROID -fdata-sections -ffunction-sections -funwind-tables -fstack-protector-strong -no-canonical-prefixes -D_FORTIFY_SOURCE=2 -Wformat -Werror=format-security  -idirafter "/home/dante/Documentos/personal/Whisk3D/android/app/.cxx/Debug/6l6zoi28/x86_64/external/SDL2/src/video/khronos"  -D_GNU_SOURCE=1 -fPIE -MD -MT CMakeFiles/cmTC_c3b53.dir/src.c.o -MF CMakeFiles/cmTC_c3b53.dir/src.c.o.d -o CMakeFiles/cmTC_c3b53.dir/src.c.o -c /home/dante/Documentos/personal/Whisk3D/android/app/.cxx/Debug/6l6zoi28/x86_64/CMakeFiles/CMakeTmp/src.c
/home/dante/Documentos/personal/Whisk3D/android/app/.cxx/Debug/6l6zoi28/x86_64/CMakeFiles/CMakeTmp/src.c:6:21: error: call to undeclared function 'iconv_open'; ISO C99 and later do not support implicit function declarations [-Wimplicit-function-declaration]
    6 |             return !iconv_open(NULL,NULL);
      |                     ^
1 error generated.
ninja: build stopped: subcommand failed.


Source file was:

        #define LIBICONV_PLUG 1 /* in case libiconv header is in include path */
        #include <stddef.h>
        #include <iconv.h>
        int main(int argc, char **argv) {
            return !iconv_open(NULL,NULL);
        }
Performing C SOURCE FILE Test ICONV_IN_LIBICONV failed with the following output:
Change Dir: /home/dante/Documentos/personal/Whisk3D/android/app/.cxx/Debug/6l6zoi28/x86_64/CMakeFiles/CMakeTmp

Run Build Command(s):/usr/bin/ninja cmTC_5c1e1 && [1/2] Building C object CMakeFiles/cmTC_5c1e1.dir/src.c.o
FAILED: CMakeFiles/cmTC_5c1e1.dir/src.c.o 
/home/dante/Android/Sdk/ndk/27.0.12077973/toolchains/llvm/prebuilt/linux-x86_64/bin/clang --target=x86_64-none-linux-android21 --sysroot=/home/dante/Android/Sdk/ndk/27.0.12077973/toolchains/llvm/prebuilt/linux-x86_64/sysroot -DICONV_IN_LIBICONV  -g -DANDROID -fdata-sections -ffunction-sections -funwind-tables -fstack-protector-strong -no-canonical-prefixes -D_FORTIFY_SOURCE=2 -Wformat -Werror=format-security  -idirafter "/home/dante/Documentos/personal/Whisk3D/android/app/.cxx/Debug/6l6zoi28/x86_64/external/SDL2/src/video/khronos"  -D_GNU_SOURCE=1 -fPIE -MD -MT CMakeFiles/cmTC_5c1e1.dir/src.c.o -MF CMakeFiles/cmTC_5c1e1.dir/src.c.o.d -o CMakeFiles/cmTC_5c1e1.dir/src.c.o -c /home/dante/Documentos/personal/Whisk3D/android/app/.cxx/Debug/6l6zoi28/x86_64/CMakeFiles/CMakeTmp/src.c
/home/dante/Documentos/personal/Whisk3D/android/app/.cxx/Debug/6l6zoi28/x86_64/CMakeFiles/CMakeTmp/src.c:5:21: error: call to undeclared function 'iconv_open'; ISO C99 and later do not support implicit function declarations [-Wimplicit-function-declaration]
    5 |             return !iconv_open(NULL,NULL);
      |                     ^
1 error generated.
ninja: build stopped: subcommand failed.


Source file was:

        #include <stddef.h>
        #include <iconv.h>
        int main(int argc, char **argv) {
            return !iconv_open(NULL,NULL);
        }
Determining if the alloca exist failed with the following output:
Change Dir: /home/dante/Documentos/personal/Whisk3D/android/app/.cxx/Debug/6l6zoi28/x86_64/CMakeFiles/CMakeTmp

Run Build Command(s):/usr/bin/ninja cmTC_2145b && [1/2] Building C object CMakeFiles/cmTC_2145b.dir/CheckSymbolExists.c.o
FAILED: CMakeFiles/cmTC_2145b.dir/CheckSymbolExists.c.o 
/home/dante/Android/Sdk/ndk/27.0.12077973/toolchains/llvm/prebuilt/linux-x86_64/bin/clang --target=x86_64-none-linux-android21 --sysroot=/home/dante/Android/Sdk/ndk/27.0.12077973/toolchains/llvm/prebuilt/linux-x86_64/sysroot   -g -DANDROID -fdata-sections -ffunction-sections -funwind-tables -fstack-protector-strong -no-canonical-prefixes -D_FORTIFY_SOURCE=2 -Wformat  -idirafter "/home/dante/Documentos/personal/Whisk3D/android/app/.cxx/Debug/6l6zoi28/x86_64/external/SDL2/src/video/khronos"  -D_GNU_SOURCE=1 -fPIE -MD -MT CMakeFiles/cmTC_2145b.dir/CheckSymbolExists.c.o -MF CMakeFiles/cmTC_2145b.dir/CheckSymbolExists.c.o.d -o CMakeFiles/cmTC_2145b.dir/CheckSymbolExists.c.o -c /home/dante/Documentos/personal/Whisk3D/android/app/.cxx/Debug/6l6zoi28/x86_64/CMakeFiles/CMakeTmp/CheckSymbolExists.c
/home/dante/Documentos/personal/Whisk3D/android/app/.cxx/Debug/6l6zoi28/x86_64/CMakeFiles/CMakeTmp/CheckSymbolExists.c:8:19: error: call to undeclared library function 'alloca' with type 'void *(unsigned long)'; ISO C99 and later do not support implicit function declarations [-Wimplicit-function-declaration]
    8 |   return ((int*)(&alloca))[argc];
      |                   ^
/home/dante/Documentos/personal/Whisk3D/android/app/.cxx/Debug/6l6zoi28/x86_64/CMakeFiles/CMakeTmp/CheckSymbolExists.c:8:19: note: include the header <stdlib.h> or explicitly provide a declaration for 'alloca'
1 error generated.
ninja: build stopped: subcommand failed.


File /home/dante/Documentos/personal/Whisk3D/android/app/.cxx/Debug/6l6zoi28/x86_64/CMakeFiles/CMakeTmp/CheckSymbolExists.c:
/* */
#include <malloc.h>

int main(int argc, char** argv)
{
  (void)argv;
#ifndef alloca
  return ((int*)(&alloca))[argc];
#else
  (void)argc;
  return 0;
#endif
}
Performing C SOURCE FILE Test HAVE_ARM_MODE failed with the following output:
Change Dir: /home/dante/Documentos/personal/Whisk3D/android/app/.cxx/Debug/6l6zoi28/x86_64/CMakeFiles/CMakeTmp

Run Build Command(s):/usr/bin/ninja cmTC_93b62 && [1/2] Building C object CMakeFiles/cmTC_93b62.dir/src.c.o
FAILED: CMakeFiles/cmTC_93b62.dir/src.c.o 
/home/dante/Android/Sdk/ndk/27.0.12077973/toolchains/llvm/prebuilt/linux-x86_64/bin/clang --target=x86_64-none-linux-android21 --sysroot=/home/dante/Android/Sdk/ndk/27.0.12077973/toolchains/llvm/prebuilt/linux-x86_64/sysroot -DHAVE_ARM_MODE  -g -DANDROID -fdata-sections -ffunction-sections -funwind-tables -fstack-protector-strong -no-canonical-prefixes -D_FORTIFY_SOURCE=2 -Wformat -Werror=format-security  -idirafter "/home/dante/Documentos/personal/Whisk3D/android/app/.cxx/Debug/6l6zoi28/x86_64/external/SDL2/src/video/khronos" -Werror=unused-command-line-argument -fPIE   -marm -MD -MT CMakeFiles/cmTC_93b62.dir/src.c.o -MF CMakeFiles/cmTC_93b62.dir/src.c.o.d -o CMakeFiles/cmTC_93b62.dir/src.c.o -c /home/dante/Documentos/personal/Whisk3D/android/app/.cxx/Debug/6l6zoi28/x86_64/CMakeFiles/CMakeTmp/src.c
clang: error: unsupported option '-mno-thumb' for target 'x86_64-none-linux-android21'
ninja: build stopped: subcommand failed.


Source file was:
int main(void) { return 0; }
Determining if files pthread_np.h exist failed with the following output:
Change Dir: /home/dante/Documentos/personal/Whisk3D/android/app/.cxx/Debug/6l6zoi28/x86_64/CMakeFiles/CMakeTmp

Run Build Command(s):/usr/bin/ninja cmTC_622f9 && [1/2] Building C object CMakeFiles/cmTC_622f9.dir/HAVE_PTHREAD_NP_H.c.o
FAILED: CMakeFiles/cmTC_622f9.dir/HAVE_PTHREAD_NP_H.c.o 
/home/dante/Android/Sdk/ndk/27.0.12077973/toolchains/llvm/prebuilt/linux-x86_64/bin/clang --target=x86_64-none-linux-android21 --sysroot=/home/dante/Android/Sdk/ndk/27.0.12077973/toolchains/llvm/prebuilt/linux-x86_64/sysroot   -g -DANDROID -fdata-sections -ffunction-sections -funwind-tables -fstack-protector-strong -no-canonical-prefixes -D_FORTIFY_SOURCE=2 -Wformat -Werror=format-security  -idirafter "/home/dante/Documentos/personal/Whisk3D/android/app/.cxx/Debug/6l6zoi28/x86_64/external/SDL2/src/video/khronos"  -D_GNU_SOURCE=1 -fPIE -MD -MT CMakeFiles/cmTC_622f9.dir/HAVE_PTHREAD_NP_H.c.o -MF CMakeFiles/cmTC_622f9.dir/HAVE_PTHREAD_NP_H.c.o.d -o CMakeFiles/cmTC_622f9.dir/HAVE_PTHREAD_NP_H.c.o -c /home/dante/Documentos/personal/Whisk3D/android/app/.cxx/Debug/6l6zoi28/x86_64/CMakeFiles/CheckIncludeFiles/HAVE_PTHREAD_NP_H.c
/home/dante/Documentos/personal/Whisk3D/android/app/.cxx/Debug/6l6zoi28/x86_64/CMakeFiles/CheckIncludeFiles/HAVE_PTHREAD_NP_H.c:2:10: fatal error: 'pthread_np.h' file not found
    2 | #include <pthread_np.h>
      |          ^~~~~~~~~~~~~~
1 error generated.
ninja: build stopped: subcommand failed.


Source:
/* */
#include <pthread_np.h>


int main(void){return 0;}

